<?xml version="1.0" encoding="UTF-8"?>
<!-- Generated by org.testng.reporters.JUnitReportReporter -->
<testsuite hostname="Apples-Mac-mini.local" failures="0" tests="1" name="testClasses.Testsdet" time="16.726" errors="0" timestamp="2024-03-12T15:54:25 IST" skipped="0">
  <testcase classname="testClasses.Testsdet" name="loginTestMethod" time="16.726"/>
  <system-out/>
</testsuite> <!-- testClasses.Testsdet -->
