<?xml version="1.0" encoding="UTF-8"?>
<!-- Generated by org.testng.reporters.JUnitReportReporter -->
<testsuite hostname="Apples-Mac-mini.local" failures="0" tests="1" name="testClasses.LoginTest" time="12.114" errors="0" timestamp="2024-03-04T13:37:11 IST" skipped="0">
  <testcase classname="testClasses.LoginTest" name="loginTestMethod" time="12.114"/>
  <system-out/>
</testsuite> <!-- testClasses.LoginTest -->
